Arguments: 
  /Users/akbaruddin/.nvm/versions/node/v12.16.3/bin/node /Users/akbaruddin/.nvm/versions/node/v12.16.3/bin/yarn new-version

PATH: 
  ~/bin:/usr/local/opt/openjdk/bin:/Users/akbaruddin/Library/Python/2.7/bin:/Users/akbaruddin/.nvm/versions/node/v12.16.3/bin:/usr/local/bin:/usr/bin:/bin:/usr/sbin:/sbin:/usr/local/share/dotnet:~/.dotnet/tools

Yarn version: 
  1.22.4

Node version: 
  12.16.3

Platform: 
  darwin x64

Trace: 
  SyntaxError: /Users/akbaruddin/Documents/work/sw-js/package.json: Unexpected token } in JSON at position 300
      at JSON.parse (<anonymous>)
      at /Users/akbaruddin/.nvm/versions/node/v12.16.3/lib/node_modules/yarn/lib/cli.js:1625:59
      at Generator.next (<anonymous>)
      at step (/Users/akbaruddin/.nvm/versions/node/v12.16.3/lib/node_modules/yarn/lib/cli.js:310:30)
      at /Users/akbaruddin/.nvm/versions/node/v12.16.3/lib/node_modules/yarn/lib/cli.js:321:13

npm manifest: 
  {
    "private": true,
    "name": "swlibrary",
    "version": "1.0.0",
    "repository": "https://github.com/akbaruddin/sw-lib.git",
    "author": "Akbar",
    "license": "MIT",
    "devDependencies": {
      "lerna": "^3.22.1"
    },
    "scripts": {
      "new-version": "lerna version --conventional-commits --yes",
    },
    "workspaces": ["packages/*"]
  }

yarn manifest: 
  No manifest

Lockfile: 
  No lockfile
